{"level":"INFO","time":"2024-05-31T20:06:49.305+0700","message":"APP_LOG|2024-05-31 20:06:49.3052648 +0700 +07|START SERVER|ADMIN|||||||||4|customer.go:21"}
{"level":"DEBUG","time":"2024-05-31T20:06:49.305+0700","message":"APP_LOG|2024-05-31 20:06:49.3058021 +0700 +07|CONNECT POSTGRESQL DB: h=localhost:5432 u= user db=dbname ssl=disable|ADMIN|||||||||0|database.go:44"}
{"level":"DEBUG","time":"2024-05-31T20:06:49.321+0700","message":"APP_LOG|2024-05-31 20:06:49.3213702 +0700 +07|CONNECT DB SUCCESS: h=localhost:5432 u= user db=dbname ssl=disable|ADMIN|||||||||0|database.go:56"}
{"level":"INFO","time":"2024-05-31T20:06:49.322+0700","message":"APP_LOG|2024-05-31 20:06:49.3224327 +0700 +07|Listening on port ::8080...|ADMIN|||||||||4|customer.go:44"}
{"level":"INFO","time":"2024-05-31T20:06:57.452+0700","message":"APP_LOG|2024-05-31 20:06:57.4523645 +0700 +07|BEGIN SaveSubrP service|TUSER01||668120833162|1b7a6c47-a035-4060-94e8-c3a26c00593d|SaveSubrP|||||4|service_SaveSubrP.go:39"}
{"level":"DEBUG","time":"2024-05-31T20:06:57.452+0700","message":"APP_LOG|2024-05-31 20:06:57.4524225 +0700 +07|Execute SQL: SELECT count(*) cnt FROM   sc_user WHERE  user_code = 'TUSER01' AND    effc_date <= CURRENT_DATE AND    (expr_date >= CURRENT_DATE OR expr_date IS NULL ) |TUSER01|502236788|668120833162|||||||0|service_SaveSubrP.go:76"}
{"level":"INFO","time":"2024-05-31T20:06:57.454+0700","message":"APP_LOG|2024-05-31 20:06:57.4540347 +0700 +07|BEGIN SaveSubr function|TUSER01|502236788|668120833162|1b7a6c47-a035-4060-94e8-c3a26c00593d|SaveSubrP|||||4|func_savesubr.go:41"}
{"level":"DEBUG","time":"2024-05-31T20:06:57.455+0700","message":"APP_LOG|2024-05-31 20:06:57.4550398 +0700 +07|Execute SQL: SELECT blpd_code, now() curr_dttm FROM rd_bill_prdt WHERE blpd_indc = $1 - blpd_indc: PCN|TUSER01|502236788|668120833162|1b7a6c47-a035-4060-94e8-c3a26c00593d|SaveSubrP|||||0|func_savesubr.go:73"}
{"level":"DEBUG","time":"2024-05-31T20:06:57.455+0700","message":"APP_LOG|2024-05-31 20:06:57.4555452 +0700 +07|Blpd indc:[PCN]|TUSER01|502236788|668120833162|1b7a6c47-a035-4060-94e8-c3a26c00593d|SaveSubrP|||||0|func_savesubr.go:74"}
{"level":"DEBUG","time":"2024-05-31T20:06:57.467+0700","message":"APP_LOG|2024-05-31 20:06:57.4678338 +0700 +07|BLPD_CODE: 02|TUSER01|502236788|668120833162|1b7a6c47-a035-4060-94e8-c3a26c00593d|SaveSubrP|||||0|func_savesubr.go:88"}
{"level":"DEBUG","time":"2024-05-31T20:06:57.468+0700","message":"APP_LOG|2024-05-31 20:06:57.4687442 +0700 +07|Execute SQL: SELECT a.vlue_char EVNT_SUBR_INFO FROM cs_dfpm a WHERE a.dfpm_code = 'EVNT_SUBR_INFO'|TUSER01|502236788|668120833162|1b7a6c47-a035-4060-94e8-c3a26c00593d|SaveSubrP|||||0|func_savesubr.go:96"}
{"level":"DEBUG","time":"2024-05-31T20:06:57.470+0700","message":"APP_LOG|2024-05-31 20:06:57.4705374 +0700 +07|EVNT_SAVE_SUBR: 010|TUSER01|502236788|668120833162|1b7a6c47-a035-4060-94e8-c3a26c00593d|SaveSubrP|||||0|func_savesubr.go:108"}
{"level":"DEBUG","time":"2024-05-31T20:06:57.470+0700","message":"APP_LOG|2024-05-31 20:06:57.4705374 +0700 +07|Execute SQL: SELECT  count(*) cnt FROM    cs_dfpm WHERE   dfpm_code like 'AGMT_CHCK_FLAG_%' AND     vlue_char = $1Agreement Check Flag:R|TUSER01|502236788|668120833162|1b7a6c47-a035-4060-94e8-c3a26c00593d|SaveSubrP|||||0|func_savesubr.go:116"}
{"level":"DEBUG","time":"2024-05-31T20:06:57.472+0700","message":"APP_LOG|2024-05-31 20:06:57.4723068 +0700 +07|Agreement Check Date:time.Date(2023, time.January, 1, 5, 34, 45, 0, time.UTC)|TUSER01|502236788|668120833162|1b7a6c47-a035-4060-94e8-c3a26c00593d|SaveSubrP|||||0|func_savesubr.go:126"}
{"level":"DEBUG","time":"2024-05-31T20:06:57.473+0700","message":"APP_LOG|2024-05-31 20:06:57.4732682 +0700 +07|Begin GetTable Suffix:CS_SUBR|||668120833162|||||||0|tablesuffix.go:59"}
{"level":"DEBUG","time":"2024-05-31T20:06:57.473+0700","message":"APP_LOG|2024-05-31 20:06:57.4732682 +0700 +07|Mode:INDC_PROD_2SUBR||||||||||0|tablesuffix.go:70"}
{"level":"DEBUG","time":"2024-05-31T20:06:57.473+0700","message":"APP_LOG|2024-05-31 20:06:57.4737724 +0700 +07|Table name:CS_SUBR_PCN_02|TUSER01|502236788|668120833162|1b7a6c47-a035-4060-94e8-c3a26c00593d|SaveSubrP|||||0|func_savesubr.go:140"}
{"level":"DEBUG","time":"2024-05-31T20:06:57.473+0700","message":"APP_LOG|2024-05-31 20:06:57.4737724 +0700 +07|Subsriber table name: CS_SUBR_PCN_02|TUSER01|502236788|668120833162|1b7a6c47-a035-4060-94e8-c3a26c00593d|SaveSubrP|||||0|func_savesubr.go:144"}
{"level":"DEBUG","time":"2024-05-31T20:06:57.473+0700","message":"APP_LOG|2024-05-31 20:06:57.4737724 +0700 +07|Execute SQL: SELECT swon_dttm swon_date, slmn_code FROM CS_SUBR_PCN_02 WHERE cust_numb = $1 AND subr_numb = $2 |TUSER01|502236788|668120833162|1b7a6c47-a035-4060-94e8-c3a26c00593d|SaveSubrP|||||0|func_savesubr.go:167"}
{"level":"ERROR","time":"2024-05-31T20:06:57.474+0700","message":"APP_LOG|2024-05-31 20:06:57.4748156 +0700 +07|SQL: SELECT swon_dttm swon_date, slmn_code FROM CS_SUBR_PCN_02 WHERE cust_numb = $1 AND subr_numb = $2 |TUSER01|502236788|668120833162|1b7a6c47-a035-4060-94e8-c3a26c00593d||000000|UNEXPECTED|Unexpected error:pq: relation \"cs_subr_pcn_02\" does not exist||5|func_savesubr.go:177"}
{"level":"ERROR","time":"2024-05-31T20:06:57.475+0700","message":"APP_LOG|2024-05-31 20:06:57.4757553 +0700 +07|savesubr function: 000000|TUSER01|502236788|668120833162|||||UNEXPECTED:000000 (func_savesubr.go:180, ): Unexpected error:pq: relation \"cs_subr_pcn_02\" does not exist:pq: relation \"cs_subr_pcn_02\" does not exist||5|service_SaveSubrP.go:112"}
{"level":"INFO","time":"2024-05-31T20:07:56.819+0700","message":"APP_LOG|2024-05-31 20:07:56.8192628 +0700 +07|START SERVER|ADMIN|||||||||4|customer.go:21"}
{"level":"DEBUG","time":"2024-05-31T20:07:56.820+0700","message":"APP_LOG|2024-05-31 20:07:56.8203247 +0700 +07|CONNECT POSTGRESQL DB: h=localhost:5432 u= user db=dbname ssl=disable|ADMIN|||||||||0|database.go:44"}
{"level":"DEBUG","time":"2024-05-31T20:07:56.841+0700","message":"APP_LOG|2024-05-31 20:07:56.8410956 +0700 +07|CONNECT DB SUCCESS: h=localhost:5432 u= user db=dbname ssl=disable|ADMIN|||||||||0|database.go:56"}
{"level":"INFO","time":"2024-05-31T20:07:56.842+0700","message":"APP_LOG|2024-05-31 20:07:56.8420421 +0700 +07|Listening on port ::8080...|ADMIN|||||||||4|customer.go:44"}
{"level":"INFO","time":"2024-05-31T20:08:02.718+0700","message":"APP_LOG|2024-05-31 20:08:02.7183647 +0700 +07|BEGIN SaveSubrP service|TUSER01||668120833162|0ec01ba8-ef9a-456a-ba05-cb94ff2d9b40|SaveSubrP|||||4|service_SaveSubrP.go:39"}
{"level":"DEBUG","time":"2024-05-31T20:08:02.718+0700","message":"APP_LOG|2024-05-31 20:08:02.7188836 +0700 +07|Execute SQL: SELECT count(*) cnt FROM   sc_user WHERE  user_code = 'TUSER01' AND    effc_date <= CURRENT_DATE AND    (expr_date >= CURRENT_DATE OR expr_date IS NULL ) |TUSER01|502236788|668120833162|||||||0|service_SaveSubrP.go:76"}
{"level":"INFO","time":"2024-05-31T20:08:02.721+0700","message":"APP_LOG|2024-05-31 20:08:02.7211069 +0700 +07|BEGIN SaveSubr function|TUSER01|502236788|668120833162|0ec01ba8-ef9a-456a-ba05-cb94ff2d9b40|SaveSubrP|||||4|func_savesubr.go:41"}
{"level":"DEBUG","time":"2024-05-31T20:08:02.722+0700","message":"APP_LOG|2024-05-31 20:08:02.7223015 +0700 +07|Execute SQL: SELECT blpd_code, now() curr_dttm FROM rd_bill_prdt WHERE blpd_indc = $1 - blpd_indc: PCN|TUSER01|502236788|668120833162|0ec01ba8-ef9a-456a-ba05-cb94ff2d9b40|SaveSubrP|||||0|func_savesubr.go:73"}
{"level":"DEBUG","time":"2024-05-31T20:08:02.722+0700","message":"APP_LOG|2024-05-31 20:08:02.7228234 +0700 +07|Blpd indc:[PCN]|TUSER01|502236788|668120833162|0ec01ba8-ef9a-456a-ba05-cb94ff2d9b40|SaveSubrP|||||0|func_savesubr.go:74"}
{"level":"DEBUG","time":"2024-05-31T20:08:02.739+0700","message":"APP_LOG|2024-05-31 20:08:02.739211 +0700 +07|BLPD_CODE: 02|TUSER01|502236788|668120833162|0ec01ba8-ef9a-456a-ba05-cb94ff2d9b40|SaveSubrP|||||0|func_savesubr.go:88"}
{"level":"DEBUG","time":"2024-05-31T20:08:02.739+0700","message":"APP_LOG|2024-05-31 20:08:02.7397208 +0700 +07|Execute SQL: SELECT a.vlue_char EVNT_SUBR_INFO FROM cs_dfpm a WHERE a.dfpm_code = 'EVNT_SUBR_INFO'|TUSER01|502236788|668120833162|0ec01ba8-ef9a-456a-ba05-cb94ff2d9b40|SaveSubrP|||||0|func_savesubr.go:96"}
{"level":"DEBUG","time":"2024-05-31T20:08:02.740+0700","message":"APP_LOG|2024-05-31 20:08:02.740749 +0700 +07|EVNT_SAVE_SUBR: 010|TUSER01|502236788|668120833162|0ec01ba8-ef9a-456a-ba05-cb94ff2d9b40|SaveSubrP|||||0|func_savesubr.go:108"}
{"level":"DEBUG","time":"2024-05-31T20:08:02.741+0700","message":"APP_LOG|2024-05-31 20:08:02.7413233 +0700 +07|Execute SQL: SELECT  count(*) cnt FROM    cs_dfpm WHERE   dfpm_code like 'AGMT_CHCK_FLAG_%' AND     vlue_char = $1Agreement Check Flag:R|TUSER01|502236788|668120833162|0ec01ba8-ef9a-456a-ba05-cb94ff2d9b40|SaveSubrP|||||0|func_savesubr.go:116"}
{"level":"DEBUG","time":"2024-05-31T20:08:02.743+0700","message":"APP_LOG|2024-05-31 20:08:02.7432685 +0700 +07|Agreement Check Date:time.Date(2023, time.January, 1, 5, 34, 45, 0, time.UTC)|TUSER01|502236788|668120833162|0ec01ba8-ef9a-456a-ba05-cb94ff2d9b40|SaveSubrP|||||0|func_savesubr.go:126"}
{"level":"DEBUG","time":"2024-05-31T20:08:02.743+0700","message":"APP_LOG|2024-05-31 20:08:02.7434294 +0700 +07|Begin GetTable Suffix:CS_SUBR|||668120833162|||||||0|tablesuffix.go:59"}
{"level":"DEBUG","time":"2024-05-31T20:08:02.743+0700","message":"APP_LOG|2024-05-31 20:08:02.7434294 +0700 +07|Mode:INDC_PROD_2SUBR||||||||||0|tablesuffix.go:70"}
{"level":"DEBUG","time":"2024-05-31T20:08:02.743+0700","message":"APP_LOG|2024-05-31 20:08:02.7434294 +0700 +07|Table name:CS_SUBR_PCN_02|TUSER01|502236788|668120833162|0ec01ba8-ef9a-456a-ba05-cb94ff2d9b40|SaveSubrP|||||0|func_savesubr.go:140"}
{"level":"DEBUG","time":"2024-05-31T20:08:02.743+0700","message":"APP_LOG|2024-05-31 20:08:02.7439342 +0700 +07|Subsriber table name: CS_SUBR_PCN_02|TUSER01|502236788|668120833162|0ec01ba8-ef9a-456a-ba05-cb94ff2d9b40|SaveSubrP|||||0|func_savesubr.go:144"}
{"level":"DEBUG","time":"2024-05-31T20:08:02.743+0700","message":"APP_LOG|2024-05-31 20:08:02.7439342 +0700 +07|Execute SQL: SELECT swon_dttm swon_date, slmn_code FROM CS_SUBR_PCN_02 WHERE cust_numb = $1 AND subr_numb = $2 |TUSER01|502236788|668120833162|0ec01ba8-ef9a-456a-ba05-cb94ff2d9b40|SaveSubrP|||||0|func_savesubr.go:167"}
{"level":"ERROR","time":"2024-05-31T20:08:02.744+0700","message":"APP_LOG|2024-05-31 20:08:02.7444546 +0700 +07|SQL: SELECT swon_dttm swon_date, slmn_code FROM CS_SUBR_PCN_02 WHERE cust_numb = $1 AND subr_numb = $2 |TUSER01|502236788|668120833162|0ec01ba8-ef9a-456a-ba05-cb94ff2d9b40||000000|UNEXPECTED|Unexpected error:pq: relation \"cs_subr_pcn_02\" does not exist||5|func_savesubr.go:177"}
{"level":"ERROR","time":"2024-05-31T20:08:02.745+0700","message":"APP_LOG|2024-05-31 20:08:02.7455976 +0700 +07|savesubr function: 000000|TUSER01|502236788|668120833162|||||UNEXPECTED:000000 (func_savesubr.go:180, ): Unexpected error:pq: relation \"cs_subr_pcn_02\" does not exist:pq: relation \"cs_subr_pcn_02\" does not exist||5|service_SaveSubrP.go:112"}
{"level":"INFO","time":"2024-05-31T20:10:23.377+0700","message":"APP_LOG|2024-05-31 20:10:23.3775359 +0700 +07|START SERVER|ADMIN|||||||||4|customer.go:21"}
{"level":"DEBUG","time":"2024-05-31T20:10:23.378+0700","message":"APP_LOG|2024-05-31 20:10:23.3780967 +0700 +07|CONNECT POSTGRESQL DB: h=localhost:5432 u= user db=dbname ssl=disable|ADMIN|||||||||0|database.go:44"}
{"level":"DEBUG","time":"2024-05-31T20:10:23.393+0700","message":"APP_LOG|2024-05-31 20:10:23.3938354 +0700 +07|CONNECT DB SUCCESS: h=localhost:5432 u= user db=dbname ssl=disable|ADMIN|||||||||0|database.go:56"}
{"level":"INFO","time":"2024-05-31T20:10:23.395+0700","message":"APP_LOG|2024-05-31 20:10:23.3951029 +0700 +07|Listening on port ::8080...|ADMIN|||||||||4|customer.go:44"}
{"level":"INFO","time":"2024-05-31T20:10:31.900+0700","message":"APP_LOG|2024-05-31 20:10:31.9007436 +0700 +07|BEGIN SaveSubrP service|TUSER01||668120833162|0b14f220-f8ea-4fe8-a047-c84f4c0993db|SaveSubrP|||||4|service_SaveSubrP.go:39"}
{"level":"DEBUG","time":"2024-05-31T20:10:31.900+0700","message":"APP_LOG|2024-05-31 20:10:31.9007436 +0700 +07|Execute SQL: SELECT count(*) cnt FROM   sc_user WHERE  user_code = 'TUSER01' AND    effc_date <= CURRENT_DATE AND    (expr_date >= CURRENT_DATE OR expr_date IS NULL ) |TUSER01|502236788|668120833162|||||||0|service_SaveSubrP.go:76"}
{"level":"INFO","time":"2024-05-31T20:10:31.903+0700","message":"APP_LOG|2024-05-31 20:10:31.9032053 +0700 +07|BEGIN SaveSubr function|TUSER01|502236788|668120833162|0b14f220-f8ea-4fe8-a047-c84f4c0993db|SaveSubrP|||||4|func_savesubr.go:41"}
{"level":"DEBUG","time":"2024-05-31T20:10:31.903+0700","message":"APP_LOG|2024-05-31 20:10:31.9037889 +0700 +07|Execute SQL: SELECT blpd_code, now() curr_dttm FROM rd_bill_prdt WHERE blpd_indc = $1 - blpd_indc: PCN|TUSER01|502236788|668120833162|0b14f220-f8ea-4fe8-a047-c84f4c0993db|SaveSubrP|||||0|func_savesubr.go:73"}
{"level":"DEBUG","time":"2024-05-31T20:10:31.904+0700","message":"APP_LOG|2024-05-31 20:10:31.904311 +0700 +07|Blpd indc:[PCN]|TUSER01|502236788|668120833162|0b14f220-f8ea-4fe8-a047-c84f4c0993db|SaveSubrP|||||0|func_savesubr.go:74"}
{"level":"DEBUG","time":"2024-05-31T20:10:31.916+0700","message":"APP_LOG|2024-05-31 20:10:31.9165109 +0700 +07|BLPD_CODE: 02|TUSER01|502236788|668120833162|0b14f220-f8ea-4fe8-a047-c84f4c0993db|SaveSubrP|||||0|func_savesubr.go:88"}
{"level":"DEBUG","time":"2024-05-31T20:10:31.916+0700","message":"APP_LOG|2024-05-31 20:10:31.9168014 +0700 +07|Execute SQL: SELECT a.vlue_char EVNT_SUBR_INFO FROM cs_dfpm a WHERE a.dfpm_code = 'EVNT_SUBR_INFO'|TUSER01|502236788|668120833162|0b14f220-f8ea-4fe8-a047-c84f4c0993db|SaveSubrP|||||0|func_savesubr.go:96"}
{"level":"DEBUG","time":"2024-05-31T20:10:31.917+0700","message":"APP_LOG|2024-05-31 20:10:31.9173058 +0700 +07|EVNT_SAVE_SUBR: 010|TUSER01|502236788|668120833162|0b14f220-f8ea-4fe8-a047-c84f4c0993db|SaveSubrP|||||0|func_savesubr.go:108"}
{"level":"DEBUG","time":"2024-05-31T20:10:31.918+0700","message":"APP_LOG|2024-05-31 20:10:31.918066 +0700 +07|Execute SQL: SELECT  count(*) cnt FROM    cs_dfpm WHERE   dfpm_code like 'AGMT_CHCK_FLAG_%' AND     vlue_char = $1Agreement Check Flag:R|TUSER01|502236788|668120833162|0b14f220-f8ea-4fe8-a047-c84f4c0993db|SaveSubrP|||||0|func_savesubr.go:116"}
{"level":"DEBUG","time":"2024-05-31T20:10:31.919+0700","message":"APP_LOG|2024-05-31 20:10:31.9198562 +0700 +07|Agreement Check Date:time.Date(2023, time.January, 1, 5, 34, 45, 0, time.UTC)|TUSER01|502236788|668120833162|0b14f220-f8ea-4fe8-a047-c84f4c0993db|SaveSubrP|||||0|func_savesubr.go:126"}
{"level":"DEBUG","time":"2024-05-31T20:10:31.921+0700","message":"APP_LOG|2024-05-31 20:10:31.9214386 +0700 +07|Begin GetTable Suffix:CS_SUBR|||668120833162|||||||0|tablesuffix.go:59"}
{"level":"DEBUG","time":"2024-05-31T20:10:31.922+0700","message":"APP_LOG|2024-05-31 20:10:31.9224359 +0700 +07|Mode:INDC_PROD_2SUBR||||||||||0|tablesuffix.go:70"}
{"level":"DEBUG","time":"2024-05-31T20:10:31.922+0700","message":"APP_LOG|2024-05-31 20:10:31.9228641 +0700 +07|Table name:CS_SUBR_PCN_02|TUSER01|502236788|668120833162|0b14f220-f8ea-4fe8-a047-c84f4c0993db|SaveSubrP|||||0|func_savesubr.go:140"}
{"level":"DEBUG","time":"2024-05-31T20:10:31.923+0700","message":"APP_LOG|2024-05-31 20:10:31.9233696 +0700 +07|Subsriber table name: CS_SUBR_PCN_02|TUSER01|502236788|668120833162|0b14f220-f8ea-4fe8-a047-c84f4c0993db|SaveSubrP|||||0|func_savesubr.go:144"}
{"level":"DEBUG","time":"2024-05-31T20:10:31.923+0700","message":"APP_LOG|2024-05-31 20:10:31.9239721 +0700 +07|Execute SQL: SELECT swon_dttm swon_date, slmn_code FROM CS_SUBR_PCN_02 WHERE cust_numb = $1 AND subr_numb = $2 |TUSER01|502236788|668120833162|0b14f220-f8ea-4fe8-a047-c84f4c0993db|SaveSubrP|||||0|func_savesubr.go:167"}
{"level":"ERROR","time":"2024-05-31T20:10:31.926+0700","message":"APP_LOG|2024-05-31 20:10:31.926174 +0700 +07|SQL: SELECT swon_dttm swon_date, slmn_code FROM CS_SUBR_PCN_02 WHERE cust_numb = $1 AND subr_numb = $2 |TUSER01|502236788|668120833162|0b14f220-f8ea-4fe8-a047-c84f4c0993db||000000|UNEXPECTED|Unexpected error:pq: relation \"cs_subr_pcn_02\" does not exist||5|func_savesubr.go:177"}
{"level":"ERROR","time":"2024-05-31T20:10:31.927+0700","message":"APP_LOG|2024-05-31 20:10:31.9273961 +0700 +07|savesubr function: 000000|TUSER01|502236788|668120833162|||||UNEXPECTED:000000 (func_savesubr.go:180, ): Unexpected error:pq: relation \"cs_subr_pcn_02\" does not exist:pq: relation \"cs_subr_pcn_02\" does not exist||5|service_SaveSubrP.go:112"}
{"level":"INFO","time":"2024-05-31T20:12:22.330+0700","message":"APP_LOG|2024-05-31 20:12:22.3305144 +0700 +07|START SERVER|ADMIN|||||||||4|customer.go:21"}
{"level":"DEBUG","time":"2024-05-31T20:12:22.330+0700","message":"APP_LOG|2024-05-31 20:12:22.3308332 +0700 +07|CONNECT POSTGRESQL DB: h=localhost:5432 u= user db=dbname ssl=disable|ADMIN|||||||||0|database.go:44"}
{"level":"DEBUG","time":"2024-05-31T20:12:22.346+0700","message":"APP_LOG|2024-05-31 20:12:22.3468389 +0700 +07|CONNECT DB SUCCESS: h=localhost:5432 u= user db=dbname ssl=disable|ADMIN|||||||||0|database.go:56"}
{"level":"INFO","time":"2024-05-31T20:12:22.347+0700","message":"APP_LOG|2024-05-31 20:12:22.3478942 +0700 +07|Listening on port ::8080...|ADMIN|||||||||4|customer.go:44"}
{"level":"INFO","time":"2024-05-31T20:12:31.538+0700","message":"APP_LOG|2024-05-31 20:12:31.538728 +0700 +07|BEGIN SaveSubrP service|TUSER01||668120833162|da36df84-acfa-4b61-b4c9-2b98708fd8b0|SaveSubrP|||||4|service_SaveSubrP.go:39"}
{"level":"DEBUG","time":"2024-05-31T20:12:31.539+0700","message":"APP_LOG|2024-05-31 20:12:31.539253 +0700 +07|Execute SQL: SELECT count(*) cnt FROM   sc_user WHERE  user_code = 'TUSER01' AND    effc_date <= CURRENT_DATE AND    (expr_date >= CURRENT_DATE OR expr_date IS NULL ) |TUSER01|502236788|668120833162|||||||0|service_SaveSubrP.go:76"}
{"level":"INFO","time":"2024-05-31T20:12:31.541+0700","message":"APP_LOG|2024-05-31 20:12:31.541436 +0700 +07|BEGIN SaveSubr function|TUSER01|502236788|668120833162|da36df84-acfa-4b61-b4c9-2b98708fd8b0|SaveSubrP|||||4|func_savesubr.go:41"}
{"level":"DEBUG","time":"2024-05-31T20:12:31.542+0700","message":"APP_LOG|2024-05-31 20:12:31.5427835 +0700 +07|Execute SQL: SELECT blpd_code, now() curr_dttm FROM rd_bill_prdt WHERE blpd_indc = $1 - blpd_indc: PCN|TUSER01|502236788|668120833162|da36df84-acfa-4b61-b4c9-2b98708fd8b0|SaveSubrP|||||0|func_savesubr.go:73"}
{"level":"DEBUG","time":"2024-05-31T20:12:31.543+0700","message":"APP_LOG|2024-05-31 20:12:31.5437217 +0700 +07|Blpd indc:[PCN]|TUSER01|502236788|668120833162|da36df84-acfa-4b61-b4c9-2b98708fd8b0|SaveSubrP|||||0|func_savesubr.go:74"}
{"level":"DEBUG","time":"2024-05-31T20:12:31.556+0700","message":"APP_LOG|2024-05-31 20:12:31.556054 +0700 +07|BLPD_CODE: 02|TUSER01|502236788|668120833162|da36df84-acfa-4b61-b4c9-2b98708fd8b0|SaveSubrP|||||0|func_savesubr.go:88"}
{"level":"DEBUG","time":"2024-05-31T20:12:31.556+0700","message":"APP_LOG|2024-05-31 20:12:31.556533 +0700 +07|Execute SQL: SELECT a.vlue_char EVNT_SUBR_INFO FROM cs_dfpm a WHERE a.dfpm_code = 'EVNT_SUBR_INFO'|TUSER01|502236788|668120833162|da36df84-acfa-4b61-b4c9-2b98708fd8b0|SaveSubrP|||||0|func_savesubr.go:96"}
{"level":"DEBUG","time":"2024-05-31T20:12:31.557+0700","message":"APP_LOG|2024-05-31 20:12:31.5570397 +0700 +07|EVNT_SAVE_SUBR: 010|TUSER01|502236788|668120833162|da36df84-acfa-4b61-b4c9-2b98708fd8b0|SaveSubrP|||||0|func_savesubr.go:108"}
{"level":"DEBUG","time":"2024-05-31T20:12:31.557+0700","message":"APP_LOG|2024-05-31 20:12:31.5579112 +0700 +07|Execute SQL: SELECT  count(*) cnt FROM    cs_dfpm WHERE   dfpm_code like 'AGMT_CHCK_FLAG_%' AND     vlue_char = $1Agreement Check Flag:R|TUSER01|502236788|668120833162|da36df84-acfa-4b61-b4c9-2b98708fd8b0|SaveSubrP|||||0|func_savesubr.go:116"}
{"level":"DEBUG","time":"2024-05-31T20:12:31.560+0700","message":"APP_LOG|2024-05-31 20:12:31.5601126 +0700 +07|Agreement Check Date:time.Date(2023, time.January, 1, 5, 34, 45, 0, time.UTC)|TUSER01|502236788|668120833162|da36df84-acfa-4b61-b4c9-2b98708fd8b0|SaveSubrP|||||0|func_savesubr.go:126"}
{"level":"DEBUG","time":"2024-05-31T20:12:31.560+0700","message":"APP_LOG|2024-05-31 20:12:31.560532 +0700 +07|Begin GetTable Suffix:CS_SUBR|||668120833162|||||||0|tablesuffix.go:59"}
{"level":"DEBUG","time":"2024-05-31T20:12:31.561+0700","message":"APP_LOG|2024-05-31 20:12:31.5610386 +0700 +07|Mode:INDC_PROD_2SUBR||||||||||0|tablesuffix.go:70"}
{"level":"DEBUG","time":"2024-05-31T20:12:31.561+0700","message":"APP_LOG|2024-05-31 20:12:31.5610386 +0700 +07|Table name:CS_SUBR_PCN_02|TUSER01|502236788|668120833162|da36df84-acfa-4b61-b4c9-2b98708fd8b0|SaveSubrP|||||0|func_savesubr.go:140"}
{"level":"DEBUG","time":"2024-05-31T20:12:31.561+0700","message":"APP_LOG|2024-05-31 20:12:31.5610386 +0700 +07|Subsriber table name: CS_SUBR_PCN_02|TUSER01|502236788|668120833162|da36df84-acfa-4b61-b4c9-2b98708fd8b0|SaveSubrP|||||0|func_savesubr.go:144"}
{"level":"DEBUG","time":"2024-05-31T20:12:31.561+0700","message":"APP_LOG|2024-05-31 20:12:31.5615705 +0700 +07|Execute SQL: SELECT swon_dttm swon_date, slmn_code FROM CS_SUBR_PCN_02 WHERE cust_numb = $1 AND subr_numb = $2 |TUSER01|502236788|668120833162|da36df84-acfa-4b61-b4c9-2b98708fd8b0|SaveSubrP|||||0|func_savesubr.go:167"}
{"level":"ERROR","time":"2024-05-31T20:12:31.562+0700","message":"APP_LOG|2024-05-31 20:12:31.5620938 +0700 +07|SQL: SELECT swon_dttm swon_date, slmn_code FROM CS_SUBR_PCN_02 WHERE cust_numb = $1 AND subr_numb = $2 |TUSER01|502236788|668120833162|da36df84-acfa-4b61-b4c9-2b98708fd8b0||000000|UNEXPECTED|Unexpected error:pq: relation \"cs_subr_pcn_02\" does not exist||5|func_savesubr.go:177"}
{"level":"ERROR","time":"2024-05-31T20:12:31.565+0700","message":"APP_LOG|2024-05-31 20:12:31.5651977 +0700 +07|savesubr function: 000000|TUSER01|502236788|668120833162|||||UNEXPECTED:000000 (func_savesubr.go:180, ): Unexpected error:pq: relation \"cs_subr_pcn_02\" does not exist:pq: relation \"cs_subr_pcn_02\" does not exist||5|service_SaveSubrP.go:112"}
{"level":"INFO","time":"2024-05-31T20:14:40.891+0700","message":"APP_LOG|2024-05-31 20:14:40.8917619 +0700 +07|START SERVER|ADMIN|||||||||4|customer.go:21"}
{"level":"DEBUG","time":"2024-05-31T20:14:40.892+0700","message":"APP_LOG|2024-05-31 20:14:40.8922668 +0700 +07|CONNECT POSTGRESQL DB: h=localhost:5432 u= user db=dbname ssl=disable|ADMIN|||||||||0|database.go:44"}
{"level":"DEBUG","time":"2024-05-31T20:14:40.907+0700","message":"APP_LOG|2024-05-31 20:14:40.9073082 +0700 +07|CONNECT DB SUCCESS: h=localhost:5432 u= user db=dbname ssl=disable|ADMIN|||||||||0|database.go:56"}
{"level":"INFO","time":"2024-05-31T20:14:40.908+0700","message":"APP_LOG|2024-05-31 20:14:40.9085373 +0700 +07|Listening on port ::8080...|ADMIN|||||||||4|customer.go:44"}
{"level":"INFO","time":"2024-05-31T20:14:56.315+0700","message":"APP_LOG|2024-05-31 20:14:56.315183 +0700 +07|BEGIN SaveSubrP service|TUSER01||668120833162|0afa8599-9a28-4e94-9983-ade699470ab3|SaveSubrP|||||4|service_SaveSubrP.go:39"}
{"level":"DEBUG","time":"2024-05-31T20:14:56.315+0700","message":"APP_LOG|2024-05-31 20:14:56.315183 +0700 +07|Execute SQL: SELECT count(*) cnt FROM   sc_user WHERE  user_code = 'TUSER01' AND    effc_date <= CURRENT_DATE AND    (expr_date >= CURRENT_DATE OR expr_date IS NULL ) |TUSER01|502236788|668120833162|||||||0|service_SaveSubrP.go:76"}
{"level":"INFO","time":"2024-05-31T20:14:56.317+0700","message":"APP_LOG|2024-05-31 20:14:56.3177085 +0700 +07|BEGIN SaveSubr function|TUSER01|502236788|668120833162|0afa8599-9a28-4e94-9983-ade699470ab3|SaveSubrP|||||4|func_savesubr.go:41"}
{"level":"DEBUG","time":"2024-05-31T20:14:56.319+0700","message":"APP_LOG|2024-05-31 20:14:56.3199444 +0700 +07|Execute SQL: SELECT blpd_code, now() curr_dttm FROM rd_bill_prdt WHERE blpd_indc = $1 - blpd_indc: PCN|TUSER01|502236788|668120833162|0afa8599-9a28-4e94-9983-ade699470ab3|SaveSubrP|||||0|func_savesubr.go:73"}
{"level":"DEBUG","time":"2024-05-31T20:14:56.320+0700","message":"APP_LOG|2024-05-31 20:14:56.3202117 +0700 +07|Blpd indc:[PCN]|TUSER01|502236788|668120833162|0afa8599-9a28-4e94-9983-ade699470ab3|SaveSubrP|||||0|func_savesubr.go:74"}
{"level":"DEBUG","time":"2024-05-31T20:14:56.334+0700","message":"APP_LOG|2024-05-31 20:14:56.3347576 +0700 +07|BLPD_CODE: 02|TUSER01|502236788|668120833162|0afa8599-9a28-4e94-9983-ade699470ab3|SaveSubrP|||||0|func_savesubr.go:88"}
{"level":"DEBUG","time":"2024-05-31T20:14:56.335+0700","message":"APP_LOG|2024-05-31 20:14:56.3351518 +0700 +07|Execute SQL: SELECT a.vlue_char EVNT_SUBR_INFO FROM cs_dfpm a WHERE a.dfpm_code = 'EVNT_SUBR_INFO'|TUSER01|502236788|668120833162|0afa8599-9a28-4e94-9983-ade699470ab3|SaveSubrP|||||0|func_savesubr.go:96"}
{"level":"DEBUG","time":"2024-05-31T20:14:56.335+0700","message":"APP_LOG|2024-05-31 20:14:56.3356571 +0700 +07|EVNT_SAVE_SUBR: 010|TUSER01|502236788|668120833162|0afa8599-9a28-4e94-9983-ade699470ab3|SaveSubrP|||||0|func_savesubr.go:108"}
{"level":"DEBUG","time":"2024-05-31T20:14:56.336+0700","message":"APP_LOG|2024-05-31 20:14:56.3363744 +0700 +07|Execute SQL: SELECT  count(*) cnt FROM    cs_dfpm WHERE   dfpm_code like 'AGMT_CHCK_FLAG_%' AND     vlue_char = $1Agreement Check Flag:R|TUSER01|502236788|668120833162|0afa8599-9a28-4e94-9983-ade699470ab3|SaveSubrP|||||0|func_savesubr.go:116"}
{"level":"DEBUG","time":"2024-05-31T20:14:56.338+0700","message":"APP_LOG|2024-05-31 20:14:56.3381665 +0700 +07|Agreement Check Date:time.Date(2023, time.January, 1, 5, 34, 45, 0, time.UTC)|TUSER01|502236788|668120833162|0afa8599-9a28-4e94-9983-ade699470ab3|SaveSubrP|||||0|func_savesubr.go:126"}
{"level":"DEBUG","time":"2024-05-31T20:14:56.338+0700","message":"APP_LOG|2024-05-31 20:14:56.3383643 +0700 +07|Begin GetTable Suffix:CS_SUBR|||668120833162|||||||0|tablesuffix.go:59"}
{"level":"DEBUG","time":"2024-05-31T20:14:56.338+0700","message":"APP_LOG|2024-05-31 20:14:56.3383643 +0700 +07|Mode:INDC_PROD_2SUBR||||||||||0|tablesuffix.go:70"}
{"level":"DEBUG","time":"2024-05-31T20:14:56.338+0700","message":"APP_LOG|2024-05-31 20:14:56.3388688 +0700 +07|Table name:CS_SUBR_PCN_02|TUSER01|502236788|668120833162|0afa8599-9a28-4e94-9983-ade699470ab3|SaveSubrP|||||0|func_savesubr.go:140"}
{"level":"DEBUG","time":"2024-05-31T20:14:56.338+0700","message":"APP_LOG|2024-05-31 20:14:56.3388688 +0700 +07|Subsriber table name: CS_SUBR_PCN_02|TUSER01|502236788|668120833162|0afa8599-9a28-4e94-9983-ade699470ab3|SaveSubrP|||||0|func_savesubr.go:144"}
{"level":"DEBUG","time":"2024-05-31T20:14:56.338+0700","message":"APP_LOG|2024-05-31 20:14:56.3388688 +0700 +07|Execute SQL: SELECT swon_dttm swon_date, slmn_code FROM CS_SUBR_PCN_02 WHERE cust_numb = $1 AND subr_numb = $2 |TUSER01|502236788|668120833162|0afa8599-9a28-4e94-9983-ade699470ab3|SaveSubrP|||||0|func_savesubr.go:167"}
{"level":"ERROR","time":"2024-05-31T20:14:56.339+0700","message":"APP_LOG|2024-05-31 20:14:56.3393911 +0700 +07|SQL: SELECT swon_dttm swon_date, slmn_code FROM CS_SUBR_PCN_02 WHERE cust_numb = $1 AND subr_numb = $2 |TUSER01|502236788|668120833162|0afa8599-9a28-4e94-9983-ade699470ab3||000000|UNEXPECTED|Unexpected error:pq: relation \"cs_subr_pcn_02\" does not exist||5|func_savesubr.go:177"}
{"level":"ERROR","time":"2024-05-31T20:14:56.340+0700","message":"APP_LOG|2024-05-31 20:14:56.3407576 +0700 +07|savesubr function: 000000|TUSER01|502236788|668120833162|||||UNEXPECTED:000000 (func_savesubr.go:180, ): Unexpected error:pq: relation \"cs_subr_pcn_02\" does not exist:pq: relation \"cs_subr_pcn_02\" does not exist||5|service_SaveSubrP.go:112"}
